CMake Warning (dev) at CMakeLists.txt:2 (project):
  Policy CMP0048 is not set: project() command manages VERSION variables.
  Run "cmake --help-policy CMP0048" for policy details.  Use the cmake_policy
  command to set the policy and suppress this warning.

  The following variable(s) would be set to empty:

    CMAKE_PROJECT_VERSION
    CMAKE_PROJECT_VERSION_MAJOR
    CMAKE_PROJECT_VERSION_MINOR
    CMAKE_PROJECT_VERSION_PATCH
This warning is for project developers.  Use -Wno-dev to suppress it.

[36m--[0m Using CATKIN_DEVEL_PREFIX: /home/cheka108/TDDE05/catkin_ws/devel/.private/air_lab2
[36m--[0m Using CMAKE_PREFIX_PATH: /home/cheka108/TDDE05/catkin_ws/devel;/courses/TDDE05/software/catkin_ws/devel;/opt/ros/noetic;/courses/TDDE05/software/lrs-pkg/inst
[36m--[0m This workspace overlays: /home/cheka108/TDDE05/catkin_ws/devel;/courses/TDDE05/software/catkin_ws/devel;/opt/ros/noetic
[36m--[0m Found PythonInterp: /bin/python3 (found suitable version "3.8.10", minimum required is "3")
[36m--[0m Using PYTHON_EXECUTABLE: /bin/python3
[36m--[0m Using Debian Python package layout
[36m--[0m Using empy: /usr/lib/python3/dist-packages/em.py
[36m--[0m Using CATKIN_ENABLE_TESTING: ON
[36m--[0m Call enable_testing()
[36m--[0m Using CATKIN_TEST_RESULTS_DIR: /home/cheka108/TDDE05/catkin_ws/build/air_lab2/test_results
[36m--[0m Forcing gtest/gmock from source, though one was otherwise available.
[36m--[0m Found gtest sources under '/usr/src/googletest': gtests will be built
[36m--[0m Found gmock sources under '/usr/src/googletest': gmock will be built
[36m--[0m Found PythonInterp: /bin/python3 (found version "3.8.10")
[36m--[0m Using Python nosetests: /bin/nosetests3
[36m--[0m catkin 0.8.10
[36m--[0m BUILD_SHARED_LIBS is on
[36m--[0m Using these message generators: gencpp;geneus;genlisp;gennodejs;genpy
[33m[1mCMake Warning[0m at /home/cheka108/TDDE05/catkin_ws/src/air_labs/air_lab2/CMakeLists.txt:20 (find_package):
  By not providing "FindOMPL.cmake" in CMAKE_MODULE_PATH this project has
  asked CMake to find a package configuration file provided by "OMPL", but
  CMake did not find one.

  Could not find a package configuration file provided by "OMPL" with any of
  the following names:

    OMPLConfig.cmake
    ompl-config.cmake

  Add the installation prefix of "OMPL" to CMAKE_PREFIX_PATH or set
  "OMPL_DIR" to a directory containing one of the above files.  If "OMPL"
  provides a separate development package or SDK, be sure it has been
  installed.


[36m--[0m Configuring done
CMake Warning (dev) at CMakeLists.txt:155 (add_dependencies):
  Policy CMP0046 is not set: Error on non-existent dependency in
  add_dependencies.  Run "cmake --help-policy CMP0046" for policy details.
  Use the cmake_policy command to set the policy and suppress this warning.

  The dependency target "air_lab2_generate_messages_cpp" of target
  "traversability_to_display" does not exist.
This warning is for project developers.  Use -Wno-dev to suppress it.

[36m--[0m Generating done
[36m--[0m Build files have been written to: /home/cheka108/TDDE05/catkin_ws/build/air_lab2
