[35m[1mScanning dependencies of target _air_lab4_generate_messages_check_deps_ExecuteTst[0m
[35m[1mScanning dependencies of target std_msgs_generate_messages_cpp[0m
[35m[1mScanning dependencies of target std_msgs_generate_messages_nodejs[0m
[35m[1mScanning dependencies of target std_msgs_generate_messages_eus[0m
[  0%] Built target std_msgs_generate_messages_cpp
[  0%] Built target std_msgs_generate_messages_nodejs
[  0%] Built target std_msgs_generate_messages_eus
[35m[1mScanning dependencies of target std_msgs_generate_messages_lisp[0m
[35m[1mScanning dependencies of target std_msgs_generate_messages_py[0m
[  0%] Built target std_msgs_generate_messages_lisp
[  0%] Built target _air_lab4_generate_messages_check_deps_ExecuteTst
[  0%] Built target std_msgs_generate_messages_py
[35m[1mScanning dependencies of target air_lab4_generate_messages_nodejs[0m
[35m[1mScanning dependencies of target air_lab4_generate_messages_eus[0m
[35m[1mScanning dependencies of target air_lab4_generate_messages_cpp[0m
[35m[1mScanning dependencies of target air_lab4_generate_messages_lisp[0m
[ 28%] [34m[1mGenerating EusLisp code from air_lab4/ExecuteTst.srv[0m
[ 28%] [34m[1mGenerating Javascript code from air_lab4/ExecuteTst.srv[0m
[ 42%] [34m[1mGenerating C++ code from air_lab4/ExecuteTst.srv[0m
[ 57%] [34m[1mGenerating Lisp code from air_lab4/ExecuteTst.srv[0m
[ 57%] Built target air_lab4_generate_messages_nodejs
[ 57%] Built target air_lab4_generate_messages_lisp
[ 71%] [34m[1mGenerating EusLisp manifest code for air_lab4[0m
[35m[1mScanning dependencies of target air_lab4_generate_messages_py[0m
[ 85%] [34m[1mGenerating Python code from SRV air_lab4/ExecuteTst[0m
[ 85%] Built target air_lab4_generate_messages_cpp
[100%] [34m[1mGenerating Python srv __init__.py for air_lab4[0m
[100%] Built target air_lab4_generate_messages_py
[100%] Built target air_lab4_generate_messages_eus
[35m[1mScanning dependencies of target air_lab4_generate_messages[0m
[100%] Built target air_lab4_generate_messages
