Symlinking /home/cheka108/TDDE05/catkin_ws/devel/lib/pkgconfig/air_lab4.pc
Symlinking /home/cheka108/TDDE05/catkin_ws/devel/lib/python3/dist-packages/air_lab4/__init__.py
Symlinking /home/cheka108/TDDE05/catkin_ws/devel/lib/python3/dist-packages/air_lab4/srv/_ExecuteTst.py
Symlinking /home/cheka108/TDDE05/catkin_ws/devel/lib/python3/dist-packages/air_lab4/srv/__init__.py
Symlinking /home/cheka108/TDDE05/catkin_ws/devel/include/air_lab4/ExecuteTst.h
Symlinking /home/cheka108/TDDE05/catkin_ws/devel/include/air_lab4/ExecuteTstResponse.h
Symlinking /home/cheka108/TDDE05/catkin_ws/devel/include/air_lab4/ExecuteTstRequest.h
Symlinking /home/cheka108/TDDE05/catkin_ws/devel/share/roseus/ros/air_lab4/manifest.l
Symlinking /home/cheka108/TDDE05/catkin_ws/devel/share/roseus/ros/air_lab4/srv/ExecuteTst.l
Symlinking /home/cheka108/TDDE05/catkin_ws/devel/share/common-lisp/ros/air_lab4/srv/_package_ExecuteTst.lisp
Symlinking /home/cheka108/TDDE05/catkin_ws/devel/share/common-lisp/ros/air_lab4/srv/air_lab4-srv.asd
Symlinking /home/cheka108/TDDE05/catkin_ws/devel/share/common-lisp/ros/air_lab4/srv/_package.lisp
Symlinking /home/cheka108/TDDE05/catkin_ws/devel/share/common-lisp/ros/air_lab4/srv/ExecuteTst.lisp
Symlinking /home/cheka108/TDDE05/catkin_ws/devel/share/gennodejs/ros/air_lab4/_index.js
Symlinking /home/cheka108/TDDE05/catkin_ws/devel/share/gennodejs/ros/air_lab4/srv/ExecuteTst.js
Symlinking /home/cheka108/TDDE05/catkin_ws/devel/share/gennodejs/ros/air_lab4/srv/_index.js
Symlinking /home/cheka108/TDDE05/catkin_ws/devel/share/air_lab4/cmake/air_lab4Config-version.cmake
Symlinking /home/cheka108/TDDE05/catkin_ws/devel/share/air_lab4/cmake/air_lab4Config.cmake
Symlinking /home/cheka108/TDDE05/catkin_ws/devel/share/air_lab4/cmake/air_lab4-msg-extras.cmake
Symlinking /home/cheka108/TDDE05/catkin_ws/devel/share/air_lab4/cmake/air_lab4-msg-paths.cmake
