[  0%] Built target std_msgs_generate_messages_cpp
[  6%] [34m[1mGenerating husky_control_node.cpp, husky_control_node.h[0m
[  6%] Built target std_msgs_generate_messages_py
[ 12%] [34m[1mGenerating husky_control_machine.h, husky_control_machine.cpp[0m
[ 12%] Built target _air_lab1_generate_messages_check_deps_ControllerEvaluationStat
[ 12%] Built target std_msgs_generate_messages_lisp
[ 12%] Built target std_msgs_generate_messages_eus
[ 12%] Built target std_msgs_generate_messages_nodejs
[ 18%] Built target air_lab1_generate_messages_cpp
[ 31%] Built target air_lab1_generate_messages_py
[ 37%] Built target air_lab1_generate_messages_lisp
[ 43%] Built target air_lab1_generate_messages_nodejs
[ 56%] Built target air_lab1_generate_messages_eus
[ 56%] Built target air_lab1_generate_messages
[ 62%] [34m[1mGenerating bases.h, operation_factories.cpp[0m
[34mUsing prototypes directories: /courses/TDDE05/software/catkin_ws/build/lrs_march/march;/courses/TDDE05/software/catkin_ws/src/lrs_march/march
In [1m[34m/home/cheka108/TDDE05/catkin_ws/src/air_labs/air_lab1/machines/husky_control.mhl[0m:
[33mWarning: [0mid(901), Input connector 'value' of 'send' is set to default message, and is probably not properly connected.
[ 62%] Built target lrs_march_air_lab1_bases_h
[34mReading mappings from /courses/TDDE05/software/catkin_ws/src/lrs_march/march_common_messages_mapping.json[0m
[ 62%] Built target lrs_march_air_lab1
[ 62%] Built target march_air_lab1_modules
[35m[1mScanning dependencies of target air_lab1_march_factories[0m
[35m[1mScanning dependencies of target air_lab1_nodelets[0m
[ 68%] [32mBuilding CXX object modules/air_lab1/CMakeFiles/air_lab1_march_factories.dir/operation_factories.cpp.o[0m
[ 75%] [32mBuilding CXX object CMakeFiles/air_lab1_nodelets.dir/husky_control_machine.cpp.o[0m
[ 81%] [32mBuilding CXX object CMakeFiles/air_lab1_nodelets.dir/husky_control_node.cpp.o[0m
[ 87%] [32m[1mLinking CXX shared library /home/cheka108/TDDE05/catkin_ws/devel/.private/air_lab1/lib/air_lab1_march_factories.so[0m
[ 93%] Built target air_lab1_march_factories
[100%] [32m[1mLinking CXX shared library /home/cheka108/TDDE05/catkin_ws/devel/.private/air_lab1/lib/libair_lab1_nodelets.so[0m
[100%] Built target air_lab1_nodelets
