Linked: (/home/cheka108/TDDE05/catkin_ws/devel/.private/air_lab1/lib/libair_lab1_nodelets.so, /home/cheka108/TDDE05/catkin_ws/devel/lib/libair_lab1_nodelets.so)
Linked: (/home/cheka108/TDDE05/catkin_ws/devel/.private/air_lab1/lib/air_lab1_march_factories.so, /home/cheka108/TDDE05/catkin_ws/devel/lib/air_lab1_march_factories.so)
Linked: (/home/cheka108/TDDE05/catkin_ws/devel/.private/air_lab1/lib/python3/dist-packages/air_lab1/__init__.py, /home/cheka108/TDDE05/catkin_ws/devel/lib/python3/dist-packages/air_lab1/__init__.py)
Linked: (/home/cheka108/TDDE05/catkin_ws/devel/.private/air_lab1/lib/python3/dist-packages/air_lab1/msg/__init__.py, /home/cheka108/TDDE05/catkin_ws/devel/lib/python3/dist-packages/air_lab1/msg/__init__.py)
Linked: (/home/cheka108/TDDE05/catkin_ws/devel/.private/air_lab1/lib/python3/dist-packages/air_lab1/msg/_ControllerEvaluationStat.py, /home/cheka108/TDDE05/catkin_ws/devel/lib/python3/dist-packages/air_lab1/msg/_ControllerEvaluationStat.py)
Linked: (/home/cheka108/TDDE05/catkin_ws/devel/.private/air_lab1/lib/pkgconfig/air_lab1.pc, /home/cheka108/TDDE05/catkin_ws/devel/lib/pkgconfig/air_lab1.pc)
Linked: (/home/cheka108/TDDE05/catkin_ws/devel/.private/air_lab1/include/air_lab1/ControllerEvaluationStat.h, /home/cheka108/TDDE05/catkin_ws/devel/include/air_lab1/ControllerEvaluationStat.h)
Linked: (/home/cheka108/TDDE05/catkin_ws/devel/.private/air_lab1/share/gennodejs/ros/air_lab1/_index.js, /home/cheka108/TDDE05/catkin_ws/devel/share/gennodejs/ros/air_lab1/_index.js)
Linked: (/home/cheka108/TDDE05/catkin_ws/devel/.private/air_lab1/share/gennodejs/ros/air_lab1/msg/ControllerEvaluationStat.js, /home/cheka108/TDDE05/catkin_ws/devel/share/gennodejs/ros/air_lab1/msg/ControllerEvaluationStat.js)
Linked: (/home/cheka108/TDDE05/catkin_ws/devel/.private/air_lab1/share/gennodejs/ros/air_lab1/msg/_index.js, /home/cheka108/TDDE05/catkin_ws/devel/share/gennodejs/ros/air_lab1/msg/_index.js)
Linked: (/home/cheka108/TDDE05/catkin_ws/devel/.private/air_lab1/share/roseus/ros/air_lab1/manifest.l, /home/cheka108/TDDE05/catkin_ws/devel/share/roseus/ros/air_lab1/manifest.l)
Linked: (/home/cheka108/TDDE05/catkin_ws/devel/.private/air_lab1/share/roseus/ros/air_lab1/msg/ControllerEvaluationStat.l, /home/cheka108/TDDE05/catkin_ws/devel/share/roseus/ros/air_lab1/msg/ControllerEvaluationStat.l)
Linked: (/home/cheka108/TDDE05/catkin_ws/devel/.private/air_lab1/share/common-lisp/ros/air_lab1/msg/_package.lisp, /home/cheka108/TDDE05/catkin_ws/devel/share/common-lisp/ros/air_lab1/msg/_package.lisp)
Linked: (/home/cheka108/TDDE05/catkin_ws/devel/.private/air_lab1/share/common-lisp/ros/air_lab1/msg/_package_ControllerEvaluationStat.lisp, /home/cheka108/TDDE05/catkin_ws/devel/share/common-lisp/ros/air_lab1/msg/_package_ControllerEvaluationStat.lisp)
Linked: (/home/cheka108/TDDE05/catkin_ws/devel/.private/air_lab1/share/common-lisp/ros/air_lab1/msg/air_lab1-msg.asd, /home/cheka108/TDDE05/catkin_ws/devel/share/common-lisp/ros/air_lab1/msg/air_lab1-msg.asd)
Linked: (/home/cheka108/TDDE05/catkin_ws/devel/.private/air_lab1/share/common-lisp/ros/air_lab1/msg/ControllerEvaluationStat.lisp, /home/cheka108/TDDE05/catkin_ws/devel/share/common-lisp/ros/air_lab1/msg/ControllerEvaluationStat.lisp)
Linked: (/home/cheka108/TDDE05/catkin_ws/devel/.private/air_lab1/share/air_lab1/cmake/air_lab1Config.cmake, /home/cheka108/TDDE05/catkin_ws/devel/share/air_lab1/cmake/air_lab1Config.cmake)
Linked: (/home/cheka108/TDDE05/catkin_ws/devel/.private/air_lab1/share/air_lab1/cmake/air_lab1Config-version.cmake, /home/cheka108/TDDE05/catkin_ws/devel/share/air_lab1/cmake/air_lab1Config-version.cmake)
Linked: (/home/cheka108/TDDE05/catkin_ws/devel/.private/air_lab1/share/air_lab1/cmake/air_lab1-msg-paths.cmake, /home/cheka108/TDDE05/catkin_ws/devel/share/air_lab1/cmake/air_lab1-msg-paths.cmake)
Linked: (/home/cheka108/TDDE05/catkin_ws/devel/.private/air_lab1/share/air_lab1/cmake/air_lab1-msg-extras.cmake, /home/cheka108/TDDE05/catkin_ws/devel/share/air_lab1/cmake/air_lab1-msg-extras.cmake)
