[35m[1mScanning dependencies of target std_msgs_generate_messages_py[0m
[35m[1mScanning dependencies of target std_msgs_generate_messages_lisp[0m
[35m[1mScanning dependencies of target std_msgs_generate_messages_eus[0m
[35m[1mScanning dependencies of target std_msgs_generate_messages_cpp[0m
[35m[1mScanning dependencies of target std_msgs_generate_messages_nodejs[0m
[  0%] Built target std_msgs_generate_messages_lisp
[  0%] Built target std_msgs_generate_messages_py
[  0%] Built target std_msgs_generate_messages_cpp
[  0%] Built target std_msgs_generate_messages_eus
[  0%] Built target std_msgs_generate_messages_nodejs
[35m[1mScanning dependencies of target air_lab3_generate_messages_lisp[0m
[35m[1mScanning dependencies of target air_lab3_generate_messages_cpp[0m
[35m[1mScanning dependencies of target air_lab3_generate_messages_py[0m
[35m[1mScanning dependencies of target air_lab3_generate_messages_eus[0m
[35m[1mScanning dependencies of target air_lab3_generate_messages_nodejs[0m
[  0%] Built target air_lab3_generate_messages_cpp
[  0%] Built target air_lab3_generate_messages_lisp
[  0%] Built target air_lab3_generate_messages_py
[100%] [34m[1mGenerating EusLisp manifest code for air_lab3[0m
[100%] Built target air_lab3_generate_messages_nodejs
[100%] Built target air_lab3_generate_messages_eus
[35m[1mScanning dependencies of target air_lab3_generate_messages[0m
[100%] Built target air_lab3_generate_messages
