Symlinking /home/cheka108/TDDE05/catkin_ws/devel/include/air_lab3/ExecuteTstRequest.h
Symlinking /home/cheka108/TDDE05/catkin_ws/devel/include/air_lab3/ExecuteTstResponse.h
Symlinking /home/cheka108/TDDE05/catkin_ws/devel/include/air_lab3/ExecuteTst.h
Linked: (/home/cheka108/TDDE05/catkin_ws/devel/.private/air_lab3/lib/python3/dist-packages/air_lab3/__init__.py, /home/cheka108/TDDE05/catkin_ws/devel/lib/python3/dist-packages/air_lab3/__init__.py)
Symlinking /home/cheka108/TDDE05/catkin_ws/devel/lib/python3/dist-packages/air_lab3/srv/__init__.py
Symlinking /home/cheka108/TDDE05/catkin_ws/devel/lib/python3/dist-packages/air_lab3/srv/_ExecuteTst.py
Linked: (/home/cheka108/TDDE05/catkin_ws/devel/.private/air_lab3/lib/pkgconfig/air_lab3.pc, /home/cheka108/TDDE05/catkin_ws/devel/lib/pkgconfig/air_lab3.pc)
Symlinking /home/cheka108/TDDE05/catkin_ws/devel/share/gennodejs/ros/air_lab3/_index.js
Symlinking /home/cheka108/TDDE05/catkin_ws/devel/share/gennodejs/ros/air_lab3/srv/ExecuteTst.js
Symlinking /home/cheka108/TDDE05/catkin_ws/devel/share/gennodejs/ros/air_lab3/srv/_index.js
Symlinking /home/cheka108/TDDE05/catkin_ws/devel/share/common-lisp/ros/air_lab3/srv/_package_ExecuteTst.lisp
Symlinking /home/cheka108/TDDE05/catkin_ws/devel/share/common-lisp/ros/air_lab3/srv/_package.lisp
Symlinking /home/cheka108/TDDE05/catkin_ws/devel/share/common-lisp/ros/air_lab3/srv/ExecuteTst.lisp
Symlinking /home/cheka108/TDDE05/catkin_ws/devel/share/common-lisp/ros/air_lab3/srv/air_lab3-srv.asd
Linked: (/home/cheka108/TDDE05/catkin_ws/devel/.private/air_lab3/share/air_lab3/cmake/air_lab3Config.cmake, /home/cheka108/TDDE05/catkin_ws/devel/share/air_lab3/cmake/air_lab3Config.cmake)
Linked: (/home/cheka108/TDDE05/catkin_ws/devel/.private/air_lab3/share/air_lab3/cmake/air_lab3-msg-extras.cmake, /home/cheka108/TDDE05/catkin_ws/devel/share/air_lab3/cmake/air_lab3-msg-extras.cmake)
Linked: (/home/cheka108/TDDE05/catkin_ws/devel/.private/air_lab3/share/air_lab3/cmake/air_lab3-msg-paths.cmake, /home/cheka108/TDDE05/catkin_ws/devel/share/air_lab3/cmake/air_lab3-msg-paths.cmake)
Linked: (/home/cheka108/TDDE05/catkin_ws/devel/.private/air_lab3/share/air_lab3/cmake/air_lab3Config-version.cmake, /home/cheka108/TDDE05/catkin_ws/devel/share/air_lab3/cmake/air_lab3Config-version.cmake)
Linked: (/home/cheka108/TDDE05/catkin_ws/devel/.private/air_lab3/share/roseus/ros/air_lab3/manifest.l, /home/cheka108/TDDE05/catkin_ws/devel/share/roseus/ros/air_lab3/manifest.l)
Symlinking /home/cheka108/TDDE05/catkin_ws/devel/share/roseus/ros/air_lab3/srv/ExecuteTst.l
