Not searching for unused variables given on the command line.
[36m--[0m Using CATKIN_DEVEL_PREFIX: /home/cheka108/TDDE05/catkin_ws/devel/.private/air_lab3
[36m--[0m Using CMAKE_PREFIX_PATH: /home/cheka108/TDDE05/catkin_ws/devel;/courses/TDDE05/software/catkin_ws/devel;/opt/ros/noetic;/courses/TDDE05/software/lrs-pkg/inst
[36m--[0m This workspace overlays: /home/cheka108/TDDE05/catkin_ws/devel;/courses/TDDE05/software/catkin_ws/devel;/opt/ros/noetic
[36m--[0m Found PythonInterp: /bin/python3 (found suitable version "3.8.10", minimum required is "3")
[36m--[0m Using PYTHON_EXECUTABLE: /bin/python3
[36m--[0m Using Debian Python package layout
[36m--[0m Using empy: /usr/lib/python3/dist-packages/em.py
[36m--[0m Using CATKIN_ENABLE_TESTING: ON
[36m--[0m Call enable_testing()
[36m--[0m Using CATKIN_TEST_RESULTS_DIR: /home/cheka108/TDDE05/catkin_ws/build/air_lab3/test_results
[36m--[0m Forcing gtest/gmock from source, though one was otherwise available.
[36m--[0m Found gtest sources under '/usr/src/googletest': gtests will be built
[36m--[0m Found gmock sources under '/usr/src/googletest': gmock will be built
[36m--[0m Found PythonInterp: /bin/python3 (found version "3.8.10")
[36m--[0m Using Python nosetests: /bin/nosetests3
[36m--[0m catkin 0.8.10
[36m--[0m BUILD_SHARED_LIBS is on
[36m--[0m Using these message generators: gencpp;geneus;genlisp;gennodejs;genpy
[31m[1mCMake Error[0m at /opt/ros/noetic/share/genmsg/cmake/genmsg-extras.cmake:94 (message):
  add_message_files() directory not found:
  /home/cheka108/TDDE05/catkin_ws/src/air_labs/air_lab3/msg
[36mCall Stack (most recent call first):[0m
  CMakeLists.txt:52 (add_message_files)


[36m--[0m Configuring incomplete, errors occurred!
See also "/home/cheka108/TDDE05/catkin_ws/build/air_lab3/CMakeFiles/CMakeOutput.log".
See also "/home/cheka108/TDDE05/catkin_ws/build/air_lab3/CMakeFiles/CMakeError.log".
